<?xml version="1.0" encoding="UTF-8"?>
<!-- Generated by org.testng.reporters.JUnitReportReporter -->
<testsuite skipped="0" hostname="DESKTOP-1F6N06C" name="runner.Runner" tests="1" failures="0" timestamp="10 May 2019 11:07:43 GMT" time="0.030" errors="0">
  <testcase name="feature" time="0.030" classname="runner.Runner"/>
</testsuite> <!-- runner.Runner -->
